build/outputs/logs/manifest-merger-debug-report.txt
-- Merging decision tree log ---
manifest
ADDED from Desktop\Hex\AndroidManifest.xml:2:1-40:12
	package
		ADDED from Desktop\Hex\AndroidManifest.xml:3:5-22
	android:versionName
		ADDED from Desktop\Hex\AndroidManifest.xml:5:5-30
		INJECTED from Desktop\Hex\AndroidManifest.xml
		INJECTED from Desktop\Hex\AndroidManifest.xml
	android:versionCode
		ADDED from Desktop\Hex\AndroidManifest.xml:4:5-28
		INJECTED from Desktop\Hex\AndroidManifest.xml
		INJECTED from Desktop\Hex\AndroidManifest.xml
	xmlns:android
		ADDED from Desktop\Hex\AndroidManifest.xml:2:11-69
uses-sdk
ADDED from Desktop\Hex\AndroidManifest.xml:7:5-9:41
	android:targetSdkVersion
		ADDED from Desktop\Hex\AndroidManifest.xml:9:9-38
	android:minSdkVersion
		ADDED from Desktop\Hex\AndroidManifest.xml:8:9-35
application
ADDED from Desktop\Hex\AndroidManifest.xml:11:5-38:19
	android:label
		ADDED from Desktop\Hex\AndroidManifest.xml:14:9-41
	android:allowBackup
		ADDED from Desktop\Hex\AndroidManifest.xml:13:9-35
	android:icon
		ADDED from Desktop\Hex\AndroidManifest.xml:12:9-45
	android:theme
		ADDED from Desktop\Hex\AndroidManifest.xml:15:9-73
activity#com.hex.StartActivity
ADDED from Desktop\Hex\AndroidManifest.xml:16:9-27:20
	android:screenOrientation
		ADDED from Desktop\Hex\AndroidManifest.xml:20:13-49
	android:label
		ADDED from Desktop\Hex\AndroidManifest.xml:19:13-45
	android:configChanges
		ADDED from Desktop\Hex\AndroidManifest.xml:18:13-74
	android:theme
		ADDED from Desktop\Hex\AndroidManifest.xml:21:13-51
	android:name
		ADDED from Desktop\Hex\AndroidManifest.xml:17:13-49
intent-filter#android.intent.action.MAIN+android.intent.category.LAUNCHER
ADDED from Desktop\Hex\AndroidManifest.xml:22:13-26:29
action#android.intent.action.MAIN
ADDED from Desktop\Hex\AndroidManifest.xml:23:17-69
	android:name
		ADDED from Desktop\Hex\AndroidManifest.xml:23:25-66
category#android.intent.category.LAUNCHER
ADDED from Desktop\Hex\AndroidManifest.xml:25:17-77
	android:name
		ADDED from Desktop\Hex\AndroidManifest.xml:25:27-74
activity#com.hex.GameActivity
ADDED from Desktop\Hex\AndroidManifest.xml:28:9-37:20
	android:screenOrientation
		ADDED from Desktop\Hex\AndroidManifest.xml:32:13-49
	android:label
		ADDED from Desktop\Hex\AndroidManifest.xml:31:13-56
	android:parentActivityName
		ADDED from Desktop\Hex\AndroidManifest.xml:33:13-63
	android:configChanges
		ADDED from Desktop\Hex\AndroidManifest.xml:30:13-74
	android:name
		ADDED from Desktop\Hex\AndroidManifest.xml:29:13-48
meta-data#android.support.PARENT_ACTIVITY
ADDED from Desktop\Hex\AndroidManifest.xml:34:13-36:49
	android:value
		ADDED from Desktop\Hex\AndroidManifest.xml:36:17-46
	android:name
		ADDED from Desktop\Hex\AndroidManifest.xml:35:17-63